  CBillBoard.cpp
  CCamera.cpp
  CCharacter.cpp
  CCollider.cpp
  CColliderCapsule.cpp
  CColliderLine.cpp
  CColliderMesh.cpp
  CColliderTriangle.cpp
  CCollisionManager.cpp
  CEffect.cpp
  CInput.cpp
C:\Users\mokek\OneDrive\デスクトップ\就職応募書類\ソースプロジェクト\GameProgramming\src\CInput.cpp(18,15): warning C4244: '=': 'float' から 'int' への変換です。データが失われる可能性があります。
C:\Users\mokek\OneDrive\デスクトップ\就職応募書類\ソースプロジェクト\GameProgramming\src\CInput.cpp(19,15): warning C4244: '=': 'float' から 'int' への変換です。データが失われる可能性があります。
  CKey.cpp
  CMap.cpp
  CMaterial.cpp
  CMatrix.cpp
  CModel.cpp
  CModelX.cpp
  CMyShader.cpp
  CRes.cpp
  CSceneGame.cpp
  コードを生成中...
C:\Users\mokek\OneDrive\デスクトップ\就職応募書類\ソースプロジェクト\GameProgramming\src\CCollider.cpp(163): warning C4715: 'CCollider::CollisionTriangleSphere': 値を返さないコントロール パスがあります。
  コンパイル中...
  CSceneManager.cpp
  CSceneTitle.cpp
  CSceneTutorial.cpp
  CShader.cpp
  CShadowMap.cpp
  CSound.cpp
  CTable.cpp
  CTaskManager.cpp
  CText.cpp
  CTexture.cpp
  CTransform.cpp
  CTriangle.cpp
  CTutorial.cpp
  CUtil.cpp
  CVector.cpp
  CXCharacter.cpp
  CXEnemy.cpp
C:\Users\mokek\OneDrive\デスクトップ\就職応募書類\ソースプロジェクト\GameProgramming\src\CXEnemy.cpp(754,6): warning C4804: '<=': 演算中の 'bool' 型の使用方法が安全ではありません
  CXEnemyManager.cpp
  CXPlayer.cpp
  CXPlayerManager.cpp
  コードを生成中...
  コンパイル中...
  main.cpp
  Update.cpp
  コードを生成中...
LINK : warning LNK4098: defaultlib 'MSVCRT' は他のライブラリの使用と競合しています。/NODEFAULTLIB:library を使用してください。
LINK : warning LNK4098: defaultlib 'LIBCMT' は他のライブラリの使用と競合しています。/NODEFAULTLIB:library を使用してください。
  GameProgramming.vcxproj -> C:\Users\mokek\OneDrive\デスクトップ\就職応募書類\ソースプロジェクト\Debug\GameProgramming.exe
