c:\users\mokek\onedrive\デスクトップ\ゲームプログラミング\14fukushima\ゲーム制作ⅲ\gameprogramming\debug\vc142.pdb
c:\users\mokek\onedrive\デスクトップ\ゲームプログラミング\14fukushima\ゲーム制作ⅲ\gameprogramming\debug\vc142.idb
c:\users\mokek\onedrive\デスクトップ\ゲームプログラミング\14fukushima\ゲーム制作ⅲ\gameprogramming\debug\cscenemanager.obj
c:\users\mokek\onedrive\デスクトップ\ゲームプログラミング\14fukushima\ゲーム制作ⅲ\gameprogramming\debug\cscenegame.obj
c:\users\mokek\onedrive\デスクトップ\ゲームプログラミング\14fukushima\ゲーム制作ⅲ\gameprogramming\debug\cmyshader.obj
c:\users\mokek\onedrive\デスクトップ\ゲームプログラミング\14fukushima\ゲーム制作ⅲ\gameprogramming\debug\cmodelx.obj
c:\users\mokek\onedrive\デスクトップ\ゲームプログラミング\14fukushima\ゲーム制作ⅲ\gameprogramming\debug\cmodel.obj
c:\users\mokek\onedrive\デスクトップ\ゲームプログラミング\14fukushima\ゲーム制作ⅲ\gameprogramming\debug\cmatrix.obj
c:\users\mokek\onedrive\デスクトップ\ゲームプログラミング\14fukushima\ゲーム制作ⅲ\gameprogramming\debug\cmaterial.obj
c:\users\mokek\onedrive\デスクトップ\ゲームプログラミング\14fukushima\ゲーム制作ⅲ\gameprogramming\debug\cmap.obj
c:\users\mokek\onedrive\デスクトップ\ゲームプログラミング\14fukushima\ゲーム制作ⅲ\gameprogramming\debug\ckey.obj
c:\users\mokek\onedrive\デスクトップ\ゲームプログラミング\14fukushima\ゲーム制作ⅲ\gameprogramming\debug\cinput.obj
c:\users\mokek\onedrive\デスクトップ\ゲームプログラミング\14fukushima\ゲーム制作ⅲ\gameprogramming\debug\ceffect.obj
c:\users\mokek\onedrive\デスクトップ\ゲームプログラミング\14fukushima\ゲーム制作ⅲ\gameprogramming\debug\ccollisionmanager.obj
c:\users\mokek\onedrive\デスクトップ\ゲームプログラミング\14fukushima\ゲーム制作ⅲ\gameprogramming\debug\ccollidertriangle.obj
c:\users\mokek\onedrive\デスクトップ\ゲームプログラミング\14fukushima\ゲーム制作ⅲ\gameprogramming\debug\ccollidermesh.obj
c:\users\mokek\onedrive\デスクトップ\ゲームプログラミング\14fukushima\ゲーム制作ⅲ\gameprogramming\debug\ccolliderline.obj
c:\users\mokek\onedrive\デスクトップ\ゲームプログラミング\14fukushima\ゲーム制作ⅲ\gameprogramming\debug\ccollider.obj
c:\users\mokek\onedrive\デスクトップ\ゲームプログラミング\14fukushima\ゲーム制作ⅲ\gameprogramming\debug\ccharacter.obj
c:\users\mokek\onedrive\デスクトップ\ゲームプログラミング\14fukushima\ゲーム制作ⅲ\gameprogramming\debug\ccamera.obj
c:\users\mokek\onedrive\デスクトップ\ゲームプログラミング\14fukushima\ゲーム制作ⅲ\gameprogramming\debug\cbullet.obj
c:\users\mokek\onedrive\デスクトップ\ゲームプログラミング\14fukushima\ゲーム制作ⅲ\gameprogramming\debug\cbillboard.obj
c:\users\mokek\onedrive\デスクトップ\ゲームプログラミング\14fukushima\ゲーム制作ⅲ\gameprogramming\debug\update.obj
c:\users\mokek\onedrive\デスクトップ\ゲームプログラミング\14fukushima\ゲーム制作ⅲ\gameprogramming\debug\main.obj
c:\users\mokek\onedrive\デスクトップ\ゲームプログラミング\14fukushima\ゲーム制作ⅲ\gameprogramming\debug\cxplayer.obj
c:\users\mokek\onedrive\デスクトップ\ゲームプログラミング\14fukushima\ゲーム制作ⅲ\gameprogramming\debug\cxenemy.obj
c:\users\mokek\onedrive\デスクトップ\ゲームプログラミング\14fukushima\ゲーム制作ⅲ\gameprogramming\debug\cxcharacter.obj
c:\users\mokek\onedrive\デスクトップ\ゲームプログラミング\14fukushima\ゲーム制作ⅲ\gameprogramming\debug\cvector.obj
c:\users\mokek\onedrive\デスクトップ\ゲームプログラミング\14fukushima\ゲーム制作ⅲ\gameprogramming\debug\cutil.obj
c:\users\mokek\onedrive\デスクトップ\ゲームプログラミング\14fukushima\ゲーム制作ⅲ\gameprogramming\debug\ctriangle.obj
c:\users\mokek\onedrive\デスクトップ\ゲームプログラミング\14fukushima\ゲーム制作ⅲ\gameprogramming\debug\ctransform.obj
c:\users\mokek\onedrive\デスクトップ\ゲームプログラミング\14fukushima\ゲーム制作ⅲ\gameprogramming\debug\ctexture.obj
c:\users\mokek\onedrive\デスクトップ\ゲームプログラミング\14fukushima\ゲーム制作ⅲ\gameprogramming\debug\ctext.obj
c:\users\mokek\onedrive\デスクトップ\ゲームプログラミング\14fukushima\ゲーム制作ⅲ\gameprogramming\debug\ctaskmanager.obj
c:\users\mokek\onedrive\デスクトップ\ゲームプログラミング\14fukushima\ゲーム制作ⅲ\gameprogramming\debug\csound.obj
c:\users\mokek\onedrive\デスクトップ\ゲームプログラミング\14fukushima\ゲーム制作ⅲ\gameprogramming\debug\cshader.obj
c:\users\mokek\onedrive\デスクトップ\ゲームプログラミング\14fukushima\ゲーム制作ⅲ\debug\gameprogramming.exe
c:\users\mokek\onedrive\デスクトップ\ゲームプログラミング\14fukushima\ゲーム制作ⅲ\gameprogramming\debug\gameprogramming.ilk
c:\users\mokek\onedrive\デスクトップ\ゲームプログラミング\14fukushima\ゲーム制作ⅲ\debug\gameprogramming.pdb
c:\users\mokek\onedrive\デスクトップ\ゲームプログラミング\14fukushima\ゲーム制作ⅲ\gameprogramming\debug\gameprogramming.tlog\cl.command.1.tlog
c:\users\mokek\onedrive\デスクトップ\ゲームプログラミング\14fukushima\ゲーム制作ⅲ\gameprogramming\debug\gameprogramming.tlog\cl.read.1.tlog
c:\users\mokek\onedrive\デスクトップ\ゲームプログラミング\14fukushima\ゲーム制作ⅲ\gameprogramming\debug\gameprogramming.tlog\cl.write.1.tlog
c:\users\mokek\onedrive\デスクトップ\ゲームプログラミング\14fukushima\ゲーム制作ⅲ\gameprogramming\debug\gameprogramming.tlog\link.command.1.tlog
c:\users\mokek\onedrive\デスクトップ\ゲームプログラミング\14fukushima\ゲーム制作ⅲ\gameprogramming\debug\gameprogramming.tlog\link.read.1.tlog
c:\users\mokek\onedrive\デスクトップ\ゲームプログラミング\14fukushima\ゲーム制作ⅲ\gameprogramming\debug\gameprogramming.tlog\link.write.1.tlog
