c:\users\mokek\onedrive\デスクトップ\ゲームプログラミング\14fukushima\ゲーム制作ⅲ\gameprogramming\release\vc142.pdb
c:\users\mokek\onedrive\デスクトップ\ゲームプログラミング\14fukushima\ゲーム制作ⅲ\gameprogramming\release\cscenegame.obj
c:\users\mokek\onedrive\デスクトップ\ゲームプログラミング\14fukushima\ゲーム制作ⅲ\gameprogramming\release\cres.obj
c:\users\mokek\onedrive\デスクトップ\ゲームプログラミング\14fukushima\ゲーム制作ⅲ\gameprogramming\release\cmyshader.obj
c:\users\mokek\onedrive\デスクトップ\ゲームプログラミング\14fukushima\ゲーム制作ⅲ\gameprogramming\release\cmodelx.obj
c:\users\mokek\onedrive\デスクトップ\ゲームプログラミング\14fukushima\ゲーム制作ⅲ\gameprogramming\release\cmodel.obj
c:\users\mokek\onedrive\デスクトップ\ゲームプログラミング\14fukushima\ゲーム制作ⅲ\gameprogramming\release\cmatrix.obj
c:\users\mokek\onedrive\デスクトップ\ゲームプログラミング\14fukushima\ゲーム制作ⅲ\gameprogramming\release\cmaterial.obj
c:\users\mokek\onedrive\デスクトップ\ゲームプログラミング\14fukushima\ゲーム制作ⅲ\gameprogramming\release\cmap.obj
c:\users\mokek\onedrive\デスクトップ\ゲームプログラミング\14fukushima\ゲーム制作ⅲ\gameprogramming\release\ckey.obj
c:\users\mokek\onedrive\デスクトップ\ゲームプログラミング\14fukushima\ゲーム制作ⅲ\gameprogramming\release\cinput.obj
c:\users\mokek\onedrive\デスクトップ\ゲームプログラミング\14fukushima\ゲーム制作ⅲ\gameprogramming\release\ceffect.obj
c:\users\mokek\onedrive\デスクトップ\ゲームプログラミング\14fukushima\ゲーム制作ⅲ\gameprogramming\release\ccollisionmanager.obj
c:\users\mokek\onedrive\デスクトップ\ゲームプログラミング\14fukushima\ゲーム制作ⅲ\gameprogramming\release\ccollidertriangle.obj
c:\users\mokek\onedrive\デスクトップ\ゲームプログラミング\14fukushima\ゲーム制作ⅲ\gameprogramming\release\ccollidermesh.obj
c:\users\mokek\onedrive\デスクトップ\ゲームプログラミング\14fukushima\ゲーム制作ⅲ\gameprogramming\release\ccolliderline.obj
c:\users\mokek\onedrive\デスクトップ\ゲームプログラミング\14fukushima\ゲーム制作ⅲ\gameprogramming\release\ccollidercapsule.obj
c:\users\mokek\onedrive\デスクトップ\ゲームプログラミング\14fukushima\ゲーム制作ⅲ\gameprogramming\release\ccollider.obj
c:\users\mokek\onedrive\デスクトップ\ゲームプログラミング\14fukushima\ゲーム制作ⅲ\gameprogramming\release\ccharacter.obj
c:\users\mokek\onedrive\デスクトップ\ゲームプログラミング\14fukushima\ゲーム制作ⅲ\gameprogramming\release\ccamera.obj
c:\users\mokek\onedrive\デスクトップ\ゲームプログラミング\14fukushima\ゲーム制作ⅲ\gameprogramming\release\cbillboard.obj
c:\users\mokek\onedrive\デスクトップ\ゲームプログラミング\14fukushima\ゲーム制作ⅲ\gameprogramming\release\main.obj
c:\users\mokek\onedrive\デスクトップ\ゲームプログラミング\14fukushima\ゲーム制作ⅲ\gameprogramming\release\cxplayer.obj
c:\users\mokek\onedrive\デスクトップ\ゲームプログラミング\14fukushima\ゲーム制作ⅲ\gameprogramming\release\cxenemymanager.obj
c:\users\mokek\onedrive\デスクトップ\ゲームプログラミング\14fukushima\ゲーム制作ⅲ\gameprogramming\release\cxenemy.obj
c:\users\mokek\onedrive\デスクトップ\ゲームプログラミング\14fukushima\ゲーム制作ⅲ\gameprogramming\release\cxcharacter.obj
c:\users\mokek\onedrive\デスクトップ\ゲームプログラミング\14fukushima\ゲーム制作ⅲ\gameprogramming\release\cvector.obj
c:\users\mokek\onedrive\デスクトップ\ゲームプログラミング\14fukushima\ゲーム制作ⅲ\gameprogramming\release\cutil.obj
c:\users\mokek\onedrive\デスクトップ\ゲームプログラミング\14fukushima\ゲーム制作ⅲ\gameprogramming\release\ctutorial.obj
c:\users\mokek\onedrive\デスクトップ\ゲームプログラミング\14fukushima\ゲーム制作ⅲ\gameprogramming\release\ctriangle.obj
c:\users\mokek\onedrive\デスクトップ\ゲームプログラミング\14fukushima\ゲーム制作ⅲ\gameprogramming\release\ctransform.obj
c:\users\mokek\onedrive\デスクトップ\ゲームプログラミング\14fukushima\ゲーム制作ⅲ\gameprogramming\release\ctexture.obj
c:\users\mokek\onedrive\デスクトップ\ゲームプログラミング\14fukushima\ゲーム制作ⅲ\gameprogramming\release\ctext.obj
c:\users\mokek\onedrive\デスクトップ\ゲームプログラミング\14fukushima\ゲーム制作ⅲ\gameprogramming\release\ctaskmanager.obj
c:\users\mokek\onedrive\デスクトップ\ゲームプログラミング\14fukushima\ゲーム制作ⅲ\gameprogramming\release\ctable.obj
c:\users\mokek\onedrive\デスクトップ\ゲームプログラミング\14fukushima\ゲーム制作ⅲ\gameprogramming\release\csound.obj
c:\users\mokek\onedrive\デスクトップ\ゲームプログラミング\14fukushima\ゲーム制作ⅲ\gameprogramming\release\cshadowmap.obj
c:\users\mokek\onedrive\デスクトップ\ゲームプログラミング\14fukushima\ゲーム制作ⅲ\gameprogramming\release\cshader.obj
c:\users\mokek\onedrive\デスクトップ\ゲームプログラミング\14fukushima\ゲーム制作ⅲ\gameprogramming\release\cscenetutorial.obj
c:\users\mokek\onedrive\デスクトップ\ゲームプログラミング\14fukushima\ゲーム制作ⅲ\gameprogramming\release\cscenetitle.obj
c:\users\mokek\onedrive\デスクトップ\ゲームプログラミング\14fukushima\ゲーム制作ⅲ\gameprogramming\release\cscenemanager.obj
c:\users\mokek\onedrive\デスクトップ\ゲームプログラミング\14fukushima\ゲーム制作ⅲ\gameprogramming\release\cmap_res.obj
c:\users\mokek\onedrive\デスクトップ\ゲームプログラミング\14fukushima\ゲーム制作ⅲ\gameprogramming\release\cgamescene_res.obj
c:\users\mokek\onedrive\デスクトップ\ゲームプログラミング\14fukushima\ゲーム制作ⅲ\gameprogramming\release\update.obj
c:\users\mokek\onedrive\デスクトップ\ゲームプログラミング\14fukushima\ゲーム制作ⅲ\gameprogramming\release\cxcharacter_res.obj
c:\users\mokek\onedrive\デスクトップ\ゲームプログラミング\14fukushima\ゲーム制作ⅲ\gameprogramming\release\cxplayer_res.obj
c:\users\mokek\onedrive\デスクトップ\ゲームプログラミング\14fukushima\ゲーム制作ⅲ\gameprogramming\release\cxplayermanager.obj
c:\users\mokek\onedrive\デスクトップ\ゲームプログラミング\14fukushima\ゲーム制作ⅲ\gameprogramming\release\enemy_res.obj
c:\users\mokek\onedrive\デスクトップ\ゲームプログラミング\14fukushima\ゲーム制作ⅲ\gameprogramming\release\cresmanager.obj
c:\users\mokek\onedrive\デスクトップ\ゲームプログラミング\14fukushima\ゲーム制作ⅲ\release\gameprogramming.exe
c:\users\mokek\onedrive\デスクトップ\ゲームプログラミング\14fukushima\ゲーム制作ⅲ\gameprogramming\release\gameprogramming.ipdb
c:\users\mokek\onedrive\デスクトップ\ゲームプログラミング\14fukushima\ゲーム制作ⅲ\gameprogramming\release\gameprogramming.iobj
c:\users\mokek\onedrive\デスクトップ\ゲームプログラミング\14fukushima\ゲーム制作ⅲ\release\gameprogramming.pdb
c:\users\mokek\onedrive\デスクトップ\ゲームプログラミング\14fukushima\ゲーム制作ⅲ\gameprogramming\release\gameprogramming.tlog\cl.command.1.tlog
c:\users\mokek\onedrive\デスクトップ\ゲームプログラミング\14fukushima\ゲーム制作ⅲ\gameprogramming\release\gameprogramming.tlog\cl.read.1.tlog
c:\users\mokek\onedrive\デスクトップ\ゲームプログラミング\14fukushima\ゲーム制作ⅲ\gameprogramming\release\gameprogramming.tlog\cl.write.1.tlog
c:\users\mokek\onedrive\デスクトップ\ゲームプログラミング\14fukushima\ゲーム制作ⅲ\gameprogramming\release\gameprogramming.tlog\link.command.1.tlog
c:\users\mokek\onedrive\デスクトップ\ゲームプログラミング\14fukushima\ゲーム制作ⅲ\gameprogramming\release\gameprogramming.tlog\link.read.1.tlog
c:\users\mokek\onedrive\デスクトップ\ゲームプログラミング\14fukushima\ゲーム制作ⅲ\gameprogramming\release\gameprogramming.tlog\link.write.1.tlog
