  CBillBoard.cpp
  CCamera.cpp
  CCharacter.cpp
  CCollider.cpp
  CColliderCapsule.cpp
  CColliderLine.cpp
  CColliderMesh.cpp
  CColliderTriangle.cpp
  CCollisionManager.cpp
  CEffect.cpp
  CInput.cpp
C:\Users\mokek\OneDrive\デスクトップ\ゲームプログラミング\14Fukushima\就職応募書類\ソースプロジェクト\GameProgramming\src\CInput.cpp(18,15): warning C4244: '=': 'float' から 'int' への変換です。データが失われる可能性があります。
C:\Users\mokek\OneDrive\デスクトップ\ゲームプログラミング\14Fukushima\就職応募書類\ソースプロジェクト\GameProgramming\src\CInput.cpp(19,15): warning C4244: '=': 'float' から 'int' への変換です。データが失われる可能性があります。
  CKey.cpp
  CMap.cpp
  CMaterial.cpp
  CMatrix.cpp
  CModel.cpp
  CModelX.cpp
  CMyShader.cpp
  CRes.cpp
  CSceneGame.cpp
  コンパイル中...
  CSceneManager.cpp
  CSceneTitle.cpp
  CSceneTutorial.cpp
  CShader.cpp
  CShadowMap.cpp
  CSound.cpp
  CTable.cpp
  CTaskManager.cpp
  CText.cpp
  CTexture.cpp
  CTransform.cpp
  CTriangle.cpp
  CTutorial.cpp
  CUtil.cpp
  CVector.cpp
  CXCharacter.cpp
  CXEnemy.cpp
C:\Users\mokek\OneDrive\デスクトップ\ゲームプログラミング\14Fukushima\就職応募書類\ソースプロジェクト\GameProgramming\src\CXEnemy.cpp(778,6): warning C4804: '<=': 演算中の 'bool' 型の使用方法が安全ではありません
  CXEnemyManager.cpp
  CXPlayer.cpp
  CXPlayerManager.cpp
  コンパイル中...
  main.cpp
  Update.cpp
  コード生成しています。
  Previous IPDB was built with incompatible compiler, fall back to full compilation.
C:\Users\mokek\OneDrive\デスクトップ\ゲームプログラミング\14Fukushima\就職応募書類\ソースプロジェクト\GameProgramming\src\CCollider.cpp(163): warning C4715: 'CCollider::CollisionTriangleSphere': 値を返さないコントロール パスがあります。
  All 1591 functions were compiled because no usable IPDB/IOBJ from previous compilation was found.
  コード生成が終了しました。
  GameProgramming.vcxproj -> C:\Users\mokek\OneDrive\デスクトップ\ゲームプログラミング\14Fukushima\就職応募書類\ソースプロジェクト\Release\GameProgramming.exe
